<?xml version="1.0" encoding="UTF-8"?>
<!-- Generated by org.testng.reporters.JUnitReportReporter -->
<testsuite hostname="DESKTOP-MR8EGM6" failures="0" tests="8" name="SmartReg" time="30.722" errors="0" timestamp="2024-03-07T22:52:12 AST" skipped="0">
  <testcase classname="SmartReg" name="Myemail" time="3.149"/>
  <system-out/>
  <testcase classname="SmartReg" name="Myemail" time="3.399"/>
  <system-out/>
  <testcase classname="SmartReg" name="Myemail" time="3.518"/>
  <system-out/>
  <testcase classname="SmartReg" name="Myemail" time="3.107"/>
  <system-out/>
  <testcase classname="SmartReg" name="Myemail" time="3.384"/>
  <system-out/>
  <testcase classname="SmartReg" name="Myemail" time="7.539"/>
  <system-out/>
  <testcase classname="SmartReg" name="Myemail" time="3.270"/>
  <system-out/>
  <testcase classname="SmartReg" name="Myemail" time="3.356"/>
  <system-out/>
</testsuite> <!-- SmartReg -->
